<?xml version="1.0" encoding="UTF-8"?>
<!-- Generated by org.testng.reporters.JUnitReportReporter -->
<testsuite hostname="INESL80157" failures="0" tests="1" name="Travel.test.app.testCases.WelcomeScreen" time="50.240" errors="0" timestamp="2021-09-22T19:25:21 IST" skipped="0">
  <testcase classname="Travel.test.app.testCases.WelcomeScreen" name="WelcomeScreen" time="50.240"/>
  <system-out/>
</testsuite> <!-- Travel.test.app.testCases.WelcomeScreen -->
