<?xml version="1.0" encoding="UTF-8"?>
<!-- Generated by org.testng.reporters.JUnitReportReporter -->
<testsuite hostname="INESL80157" failures="0" tests="1" name="Travel.test.app.testCases.BookFlightTickets" time="126.790" errors="0" timestamp="2021-09-23T02:18:17 IST" skipped="0">
  <testcase classname="Travel.test.app.testCases.BookFlightTickets" name="BookFlightTicket" time="126.790"/>
  <system-out/>
</testsuite> <!-- Travel.test.app.testCases.BookFlightTickets -->
